<?xml version="1.0" encoding="UTF-8"?>
<testsuite name="taewan.SBadmin.member.MemberDaoTest" tests="1" skipped="0" failures="0" errors="0" timestamp="2022-09-02T04:48:12" hostname="taewanui-MacBookAir.local" time="0.631">
  <properties/>
  <testcase name="회원단건조회테스트()" classname="taewan.SBadmin.member.MemberDaoTest" time="0.631"/>
  <system-out><![CDATA[13:48:05.875 [Test worker] DEBUG org.springframework.test.context.BootstrapUtils - Instantiating CacheAwareContextLoaderDelegate from class [org.springframework.test.context.cache.DefaultCacheAwareContextLoaderDelegate]
13:48:05.883 [Test worker] DEBUG org.springframework.test.context.BootstrapUtils - Instantiating BootstrapContext using constructor [public org.springframework.test.context.support.DefaultBootstrapContext(java.lang.Class,org.springframework.test.context.CacheAwareContextLoaderDelegate)]
13:48:05.922 [Test worker] DEBUG org.springframework.test.context.BootstrapUtils - Instantiating TestContextBootstrapper for test class [taewan.SBadmin.member.MemberDaoTest] from class [org.springframework.boot.test.context.SpringBootTestContextBootstrapper]
13:48:05.936 [Test worker] INFO org.springframework.boot.test.context.SpringBootTestContextBootstrapper - Neither @ContextConfiguration nor @ContextHierarchy found for test class [taewan.SBadmin.member.MemberDaoTest], using SpringBootContextLoader
13:48:05.941 [Test worker] DEBUG org.springframework.test.context.support.AbstractContextLoader - Did not detect default resource location for test class [taewan.SBadmin.member.MemberDaoTest]: class path resource [taewan/SBadmin/member/MemberDaoTest-context.xml] does not exist
13:48:05.941 [Test worker] DEBUG org.springframework.test.context.support.AbstractContextLoader - Did not detect default resource location for test class [taewan.SBadmin.member.MemberDaoTest]: class path resource [taewan/SBadmin/member/MemberDaoTestContext.groovy] does not exist
13:48:05.942 [Test worker] INFO org.springframework.test.context.support.AbstractContextLoader - Could not detect default resource locations for test class [taewan.SBadmin.member.MemberDaoTest]: no resource found for suffixes {-context.xml, Context.groovy}.
13:48:05.942 [Test worker] INFO org.springframework.test.context.support.AnnotationConfigContextLoaderUtils - Could not detect default configuration classes for test class [taewan.SBadmin.member.MemberDaoTest]: MemberDaoTest does not declare any static, non-private, non-final, nested classes annotated with @Configuration.
13:48:06.001 [Test worker] DEBUG org.springframework.test.context.support.ActiveProfilesUtils - Could not find an 'annotation declaring class' for annotation type [org.springframework.test.context.ActiveProfiles] and class [taewan.SBadmin.member.MemberDaoTest]
13:48:06.104 [Test worker] DEBUG org.springframework.context.annotation.ClassPathScanningCandidateComponentProvider - Identified candidate component class: file [/Users/taewan/Desktop/toyProject/toyProject-Suitable_Benefit/SB_Server/build/classes/java/main/taewan/SBadmin/SBadminApplication.class]
13:48:06.109 [Test worker] INFO org.springframework.boot.test.context.SpringBootTestContextBootstrapper - Found @SpringBootConfiguration taewan.SBadmin.SBadminApplication for test class taewan.SBadmin.member.MemberDaoTest
13:48:06.197 [Test worker] DEBUG org.springframework.boot.test.context.SpringBootTestContextBootstrapper - @TestExecutionListeners is not present for class [taewan.SBadmin.member.MemberDaoTest]: using defaults.
13:48:06.198 [Test worker] INFO org.springframework.boot.test.context.SpringBootTestContextBootstrapper - Loaded default TestExecutionListener class names from location [META-INF/spring.factories]: [org.springframework.boot.test.autoconfigure.restdocs.RestDocsTestExecutionListener, org.springframework.boot.test.autoconfigure.web.client.MockRestServiceServerResetTestExecutionListener, org.springframework.boot.test.autoconfigure.web.servlet.MockMvcPrintOnlyOnFailureTestExecutionListener, org.springframework.boot.test.autoconfigure.web.servlet.WebDriverTestExecutionListener, org.springframework.boot.test.autoconfigure.webservices.client.MockWebServiceServerTestExecutionListener, org.springframework.boot.test.mock.mockito.MockitoTestExecutionListener, org.springframework.boot.test.mock.mockito.ResetMocksTestExecutionListener, org.springframework.test.context.web.ServletTestExecutionListener, org.springframework.test.context.support.DirtiesContextBeforeModesTestExecutionListener, org.springframework.test.context.event.ApplicationEventsTestExecutionListener, org.springframework.test.context.support.DependencyInjectionTestExecutionListener, org.springframework.test.context.support.DirtiesContextTestExecutionListener, org.springframework.test.context.transaction.TransactionalTestExecutionListener, org.springframework.test.context.jdbc.SqlScriptsTestExecutionListener, org.springframework.test.context.event.EventPublishingTestExecutionListener]
13:48:06.281 [Test worker] INFO org.springframework.boot.test.context.SpringBootTestContextBootstrapper - Using TestExecutionListeners: [org.springframework.test.context.web.ServletTestExecutionListener@781e7326, org.springframework.test.context.support.DirtiesContextBeforeModesTestExecutionListener@22680f52, org.springframework.test.context.event.ApplicationEventsTestExecutionListener@60d84f61, org.springframework.boot.test.mock.mockito.MockitoTestExecutionListener@39c11e6c, org.springframework.boot.test.autoconfigure.SpringBootDependencyInjectionTestExecutionListener@324dcd31, org.springframework.test.context.support.DirtiesContextTestExecutionListener@503d56b5, org.springframework.test.context.transaction.TransactionalTestExecutionListener@72bca894, org.springframework.test.context.jdbc.SqlScriptsTestExecutionListener@433ffad1, org.springframework.test.context.event.EventPublishingTestExecutionListener@1fc793c2, org.springframework.boot.test.autoconfigure.restdocs.RestDocsTestExecutionListener@2575f671, org.springframework.boot.test.autoconfigure.web.client.MockRestServiceServerResetTestExecutionListener@329a1243, org.springframework.boot.test.autoconfigure.web.servlet.MockMvcPrintOnlyOnFailureTestExecutionListener@ecf9fb3, org.springframework.boot.test.autoconfigure.web.servlet.WebDriverTestExecutionListener@2d35442b, org.springframework.boot.test.autoconfigure.webservices.client.MockWebServiceServerTestExecutionListener@27f9e982, org.springframework.boot.test.mock.mockito.ResetMocksTestExecutionListener@4593ff34]
13:48:06.290 [Test worker] DEBUG org.springframework.test.context.support.AbstractDirtiesContextTestExecutionListener - Before test class: context [DefaultTestContext@2024293c testClass = MemberDaoTest, testInstance = [null], testMethod = [null], testException = [null], mergedContextConfiguration = [WebMergedContextConfiguration@7048f722 testClass = MemberDaoTest, locations = '{}', classes = '{class taewan.SBadmin.SBadminApplication}', contextInitializerClasses = '[]', activeProfiles = '{}', propertySourceLocations = '{}', propertySourceProperties = '{org.springframework.boot.test.context.SpringBootTestContextBootstrapper=true}', contextCustomizers = set[org.springframework.boot.test.autoconfigure.actuate.metrics.MetricsExportContextCustomizerFactory$DisableMetricExportContextCustomizer@3e7634b9, org.springframework.boot.test.autoconfigure.properties.PropertyMappingContextCustomizer@0, org.springframework.boot.test.autoconfigure.web.servlet.WebDriverContextCustomizerFactory$Customizer@5dd91bca, org.springframework.boot.test.context.filter.ExcludeFilterContextCustomizer@6eeade6c, org.springframework.boot.test.json.DuplicateJsonObjectContextCustomizerFactory$DuplicateJsonObjectContextCustomizer@7756c3cd, org.springframework.boot.test.mock.mockito.MockitoContextCustomizer@0, org.springframework.boot.test.web.client.TestRestTemplateContextCustomizer@7e928e2f, org.springframework.boot.test.context.SpringBootTestArgs@1, org.springframework.boot.test.context.SpringBootTestWebEnvironment@a8ef162], resourceBasePath = 'src/main/webapp', contextLoader = 'org.springframework.boot.test.context.SpringBootContextLoader', parent = [null]], attributes = map['org.springframework.test.context.web.ServletTestExecutionListener.activateListener' -> true]], class annotated with @DirtiesContext [false] with mode [null].

  .   ____          _            __ _ _
 /\\ / ___'_ __ _ _(_)_ __  __ _ \ \ \ \
( ( )\___ | '_ | '_| | '_ \/ _` | \ \ \ \
 \\/  ___)| |_)| | | | | || (_| |  ) ) ) )
  '  |____| .__|_| |_|_| |_\__, | / / / /
 =========|_|==============|___/=/_/_/_/
 :: Spring Boot ::                (v2.7.2)

2022-09-02 13:48:06.839  INFO 36981 --- [    Test worker] taewan.SBadmin.member.MemberDaoTest      : Starting MemberDaoTest using Java 11.0.11 on taewanui-MacBookAir.local with PID 36981 (started by taewan in /Users/taewan/Desktop/toyProject/toyProject-Suitable_Benefit/SB_Server)
2022-09-02 13:48:06.842  INFO 36981 --- [    Test worker] taewan.SBadmin.member.MemberDaoTest      : No active profile set, falling back to 1 default profile: "default"
2022-09-02 13:48:08.023  INFO 36981 --- [    Test worker] .s.d.r.c.RepositoryConfigurationDelegate : Bootstrapping Spring Data JPA repositories in DEFAULT mode.
2022-09-02 13:48:08.113  INFO 36981 --- [    Test worker] .s.d.r.c.RepositoryConfigurationDelegate : Finished Spring Data repository scanning in 81 ms. Found 2 JPA repository interfaces.
2022-09-02 13:48:09.196  INFO 36981 --- [    Test worker] o.hibernate.jpa.internal.util.LogHelper  : HHH000204: Processing PersistenceUnitInfo [name: default]
2022-09-02 13:48:09.255  INFO 36981 --- [    Test worker] org.hibernate.Version                    : HHH000412: Hibernate ORM core version 5.6.10.Final
2022-09-02 13:48:09.447  INFO 36981 --- [    Test worker] o.hibernate.annotations.common.Version   : HCANN000001: Hibernate Commons Annotations {5.1.2.Final}
2022-09-02 13:48:09.558  INFO 36981 --- [    Test worker] com.zaxxer.hikari.HikariDataSource       : HikariPool-1 - Starting...
2022-09-02 13:48:09.671  INFO 36981 --- [    Test worker] com.zaxxer.hikari.HikariDataSource       : HikariPool-1 - Start completed.
2022-09-02 13:48:09.700  INFO 36981 --- [    Test worker] org.hibernate.dialect.Dialect            : HHH000400: Using dialect: org.hibernate.dialect.H2Dialect
Hibernate: drop table if exists member CASCADE 
Hibernate: drop table if exists post CASCADE 
Hibernate: drop sequence if exists hibernate_sequence
Hibernate: create sequence hibernate_sequence start with 1 increment by 1
Hibernate: create table member (member_id bigint not null, created_date timestamp, email varchar(255), id varchar(255), need_conditions bigint, nick_name varchar(255), password varchar(255), primary key (member_id))
Hibernate: create table post (post_id bigint not null, content varchar(255), created_date timestamp, expiration_date timestamp, img_path varchar(255), need_conditions bigint, need_documents bigint, positive integer not null, procedure varchar(255), title varchar(255), total_vote integer not null, primary key (post_id))
2022-09-02 13:48:10.379  INFO 36981 --- [    Test worker] o.h.e.t.j.p.i.JtaPlatformInitiator       : HHH000490: Using JtaPlatform implementation: [org.hibernate.engine.transaction.jta.platform.internal.NoJtaPlatform]
2022-09-02 13:48:10.389  INFO 36981 --- [    Test worker] j.LocalContainerEntityManagerFactoryBean : Initialized JPA EntityManagerFactory for persistence unit 'default'
2022-09-02 13:48:11.454  WARN 36981 --- [    Test worker] JpaBaseConfiguration$JpaWebConfiguration : spring.jpa.open-in-view is enabled by default. Therefore, database queries may be performed during view rendering. Explicitly configure spring.jpa.open-in-view to disable this warning
2022-09-02 13:48:12.709  INFO 36981 --- [    Test worker] taewan.SBadmin.member.MemberDaoTest      : Started MemberDaoTest in 6.356 seconds (JVM running for 8.073)
2022-09-02 13:48:12.849  INFO 36981 --- [    Test worker] o.s.t.c.transaction.TransactionContext   : Began transaction (1) for test context [DefaultTestContext@2024293c testClass = MemberDaoTest, testInstance = taewan.SBadmin.member.MemberDaoTest@752180c4, testMethod = 회원단건조회테스트@MemberDaoTest, testException = [null], mergedContextConfiguration = [WebMergedContextConfiguration@7048f722 testClass = MemberDaoTest, locations = '{}', classes = '{class taewan.SBadmin.SBadminApplication}', contextInitializerClasses = '[]', activeProfiles = '{}', propertySourceLocations = '{}', propertySourceProperties = '{org.springframework.boot.test.context.SpringBootTestContextBootstrapper=true}', contextCustomizers = set[org.springframework.boot.test.autoconfigure.actuate.metrics.MetricsExportContextCustomizerFactory$DisableMetricExportContextCustomizer@3e7634b9, org.springframework.boot.test.autoconfigure.properties.PropertyMappingContextCustomizer@0, org.springframework.boot.test.autoconfigure.web.servlet.WebDriverContextCustomizerFactory$Customizer@5dd91bca, org.springframework.boot.test.context.filter.ExcludeFilterContextCustomizer@6eeade6c, org.springframework.boot.test.json.DuplicateJsonObjectContextCustomizerFactory$DuplicateJsonObjectContextCustomizer@7756c3cd, org.springframework.boot.test.mock.mockito.MockitoContextCustomizer@0, org.springframework.boot.test.web.client.TestRestTemplateContextCustomizer@7e928e2f, org.springframework.boot.test.context.SpringBootTestArgs@1, org.springframework.boot.test.context.SpringBootTestWebEnvironment@a8ef162], resourceBasePath = 'src/main/webapp', contextLoader = 'org.springframework.boot.test.context.SpringBootContextLoader', parent = [null]], attributes = map['org.springframework.test.context.web.ServletTestExecutionListener.activateListener' -> true, 'org.springframework.test.context.web.ServletTestExecutionListener.populatedRequestContextHolder' -> true, 'org.springframework.test.context.web.ServletTestExecutionListener.resetRequestContextHolder' -> true, 'org.springframework.test.context.event.ApplicationEventsTestExecutionListener.recordApplicationEvents' -> false]]; transaction manager [org.springframework.orm.jpa.JpaTransactionManager@2f5a092e]; rollback [true]
Hibernate: call next value for hibernate_sequence
Hibernate: insert into member (created_date, email, id, need_conditions, nick_name, password, member_id) values (?, ?, ?, ?, ?, ?, ?)
Hibernate: select member0_.member_id as member_i1_0_, member0_.created_date as created_2_0_, member0_.email as email3_0_, member0_.id as id4_0_, member0_.need_conditions as need_con5_0_, member0_.nick_name as nick_nam6_0_, member0_.password as password7_0_ from member member0_ where member0_.member_id=?
2022-09-02 13:48:13.391  INFO 36981 --- [    Test worker] o.s.t.c.transaction.TransactionContext   : Rolled back transaction for test: [DefaultTestContext@2024293c testClass = MemberDaoTest, testInstance = taewan.SBadmin.member.MemberDaoTest@752180c4, testMethod = 회원단건조회테스트@MemberDaoTest, testException = [null], mergedContextConfiguration = [WebMergedContextConfiguration@7048f722 testClass = MemberDaoTest, locations = '{}', classes = '{class taewan.SBadmin.SBadminApplication}', contextInitializerClasses = '[]', activeProfiles = '{}', propertySourceLocations = '{}', propertySourceProperties = '{org.springframework.boot.test.context.SpringBootTestContextBootstrapper=true}', contextCustomizers = set[org.springframework.boot.test.autoconfigure.actuate.metrics.MetricsExportContextCustomizerFactory$DisableMetricExportContextCustomizer@3e7634b9, org.springframework.boot.test.autoconfigure.properties.PropertyMappingContextCustomizer@0, org.springframework.boot.test.autoconfigure.web.servlet.WebDriverContextCustomizerFactory$Customizer@5dd91bca, org.springframework.boot.test.context.filter.ExcludeFilterContextCustomizer@6eeade6c, org.springframework.boot.test.json.DuplicateJsonObjectContextCustomizerFactory$DuplicateJsonObjectContextCustomizer@7756c3cd, org.springframework.boot.test.mock.mockito.MockitoContextCustomizer@0, org.springframework.boot.test.web.client.TestRestTemplateContextCustomizer@7e928e2f, org.springframework.boot.test.context.SpringBootTestArgs@1, org.springframework.boot.test.context.SpringBootTestWebEnvironment@a8ef162], resourceBasePath = 'src/main/webapp', contextLoader = 'org.springframework.boot.test.context.SpringBootContextLoader', parent = [null]], attributes = map['org.springframework.test.context.web.ServletTestExecutionListener.activateListener' -> true, 'org.springframework.test.context.web.ServletTestExecutionListener.populatedRequestContextHolder' -> true, 'org.springframework.test.context.web.ServletTestExecutionListener.resetRequestContextHolder' -> true, 'org.springframework.test.context.event.ApplicationEventsTestExecutionListener.recordApplicationEvents' -> false]]
]]></system-out>
  <system-err><![CDATA[]]></system-err>
</testsuite>
